[19:56:09] info: Job System initialized with 12 threads
[19:56:09] info: Creating Window: Epoch (1280, 720)
[19:56:09] info: Successfully compiled and created 1 shaders from 'Resources/Shaders/EquirectangularToCubeMap.hlsl' Time: 1.7400001ms
[19:56:09] info: Successfully compiled and created 1 shaders from 'Resources/Shaders/EnvironmentMipFilter.hlsl' Time: 1.838ms
[19:56:09] info: Successfully compiled and created 2 shaders from 'Resources/Shaders/Sprite.hlsl' Time: 1.9420002ms
[19:56:09] info: Successfully compiled and created 2 shaders from 'Resources/Shaders/PointLight.hlsl' Time: 1.9640001ms
[19:56:09] info: Successfully compiled and created 2 shaders from 'Resources/Shaders/BRDF_LUT.hlsl' Time: 2.019ms
[19:56:09] info: Successfully compiled and created 2 shaders from 'Resources/Shaders/EnvironmentalLight.hlsl' Time: 1.9980001ms
[19:56:09] info: Successfully compiled and created 2 shaders from 'Resources/Shaders/DebugWireframe.hlsl' Time: 2.046ms
[19:56:09] info: Successfully compiled and created 2 shaders from 'Resources/Shaders/CopyTexture.hlsl' Time: 2.039ms
[19:56:09] info: Successfully compiled and created 2 shaders from 'Resources/Shaders/Text.hlsl' Time: 2.072ms
[19:56:09] info: Successfully compiled and created 2 shaders from 'Resources/Shaders/GBuffer.hlsl' Time: 2.078ms
[19:56:09] info: Successfully compiled and created 2 shaders from 'Resources/Shaders/UberShader.hlsl' Time: 2.0340002ms
[19:56:09] info: Successfully compiled and created 2 shaders from 'Resources/Shaders/Grid.hlsl' Time: 2.0900002ms
[19:56:09] info: Successfully compiled and created 2 shaders from 'Resources/Shaders/DebugRender.hlsl' Time: 2.0640001ms
[19:56:09] info: Successfully compiled and created 2 shaders from 'Resources/Shaders/Spotlight.hlsl' Time: 0.49500003ms
[19:56:09] trace: [ScriptEngine] Trying to load core assembly: 'Resources/Scripts/Epoch-ScriptCore.dll
[19:56:09] info: [ScriptEngine] Successfully loaded core assembly from: 'Resources/Scripts/Epoch-ScriptCore.dll'
[19:56:09] trace: [Renderer] Loaded geometry of 466 out of 656 glyphs
[19:56:09] warning: [Renderer] Missing 190 codepoints
[19:56:09] trace: [Renderer] Atlas dimensions: 620 x 620
[19:56:09] info: [Renderer] Created cached font atlas
[19:56:09] trace: Deserializing project 'EpochTest'
[19:56:09] info: [AssetManager] Importing Asset Registry
[19:56:09] info: [AssetManager] Imported 133 assets
[19:56:09] info: [AssetManager] Serializing asset registry
[19:56:09] info: [AssetManager] Serialized 133 assets
[19:56:09] info: [ScriptEngine] Successfully loaded app assembly from: E:\EpochTest\Scripts/Binaries\EpochTest.dll
[19:56:09] trace: Deserializing scene 'Menu'
[19:56:16] info: Closing application
[19:56:16] trace: Serializing project 'EpochTest'
[19:56:16] info: [AssetManager] Serializing asset registry
[19:56:16] info: [AssetManager] Serialized 133 assets
